android/app/build/outputs/logs/manifest-merger-debug-report.txt
-- Merging decision tree log ---
manifest
ADDED from src\main\AndroidManifest.xml:2:1-52:12
	package
		ADDED from src\main\AndroidManifest.xml:4:5-35
		INJECTED from src\main\AndroidManifest.xml
		INJECTED from src\main\AndroidManifest.xml
	android:versionName
		ADDED from src\main\AndroidManifest.xml:5:29-54
		INJECTED from src\main\AndroidManifest.xml
		INJECTED from src\main\AndroidManifest.xml
	xmlns:tools
		ADDED from src\main\AndroidManifest.xml:3:5-51
	android:versionCode
		ADDED from src\main\AndroidManifest.xml:5:5-28
		INJECTED from src\main\AndroidManifest.xml
		INJECTED from src\main\AndroidManifest.xml
	xmlns:android
		ADDED from src\main\AndroidManifest.xml:2:11-69
uses-sdk
ADDED from src\main\AndroidManifest.xml:7:5-8:40
MERGED from [com.android.support:multidex:1.0.1] AndroidManifest.xml:18:5-42
MERGED from [APICloudModuleSDK:moduleDemo:unspecified] AndroidManifest.xml:7:5-9:41
MERGED from [APICloudModuleSDK:moduleScrollPicture:unspecified] AndroidManifest.xml:7:5-9:41
MERGED from [com.android.support:support-v4:25.3.1] AndroidManifest.xml:21:5-23:54
MERGED from [com.android.support:support-fragment:25.3.1] AndroidManifest.xml:21:5-23:60
MERGED from [com.android.support:support-media-compat:25.3.1] AndroidManifest.xml:21:5-23:63
MERGED from [com.android.support:support-core-ui:25.3.1] AndroidManifest.xml:21:5-23:58
MERGED from [com.android.support:support-core-utils:25.3.1] AndroidManifest.xml:21:5-23:61
MERGED from [com.android.support:support-compat:25.3.1] AndroidManifest.xml:21:5-23:58
MERGED from [APICloudModuleSDK:moduleSyncInterface:unspecified] AndroidManifest.xml:7:5-9:41
MERGED from [APICloudModuleSDK:moduleRefresh:unspecified] AndroidManifest.xml:7:5-9:41
MERGED from [APICloudModuleSDK:moduleAppdelegate:unspecified] AndroidManifest.xml:7:5-9:41
MERGED from [APICloudModuleSDK:moblinkpro:unspecified] AndroidManifest.xml:7:5-9:41
	tools:overrideLibrary
		ADDED from [com.android.support:support-v4:25.3.1] AndroidManifest.xml:23:9-51
	android:targetSdkVersion
		ADDED from src\main\AndroidManifest.xml:8:9-38
		INJECTED from src\main\AndroidManifest.xml
		INJECTED from src\main\AndroidManifest.xml
	android:minSdkVersion
		ADDED from src\main\AndroidManifest.xml:7:15-40
supports-screens
ADDED from src\main\AndroidManifest.xml:10:5-16:40
	android:largeScreens
		ADDED from src\main\AndroidManifest.xml:12:9-36
	android:smallScreens
		ADDED from src\main\AndroidManifest.xml:15:9-36
	android:normalScreens
		ADDED from src\main\AndroidManifest.xml:13:9-37
	android:xlargeScreens
		ADDED from src\main\AndroidManifest.xml:16:9-37
	android:resizeable
		ADDED from src\main\AndroidManifest.xml:14:9-34
	android:anyDensity
		ADDED from src\main\AndroidManifest.xml:11:9-34
uses-permission#android.permission.INTERNET
ADDED from src\main\AndroidManifest.xml:18:5-67
	android:name
		ADDED from src\main\AndroidManifest.xml:18:22-64
uses-permission#android.permission.WRITE_EXTERNAL_STORAGE
ADDED from src\main\AndroidManifest.xml:19:5-81
	android:name
		ADDED from src\main\AndroidManifest.xml:19:22-78
uses-permission#android.permission.ACCESS_NETWORK_STATE
ADDED from src\main\AndroidManifest.xml:20:5-79
	android:name
		ADDED from src\main\AndroidManifest.xml:20:22-76
uses-permission#android.permission.ACCESS_WIFI_STATE
ADDED from src\main\AndroidManifest.xml:21:5-76
	android:name
		ADDED from src\main\AndroidManifest.xml:21:22-73
uses-permission#android.permission.VIBRATE
ADDED from src\main\AndroidManifest.xml:22:5-66
MERGED from [APICloudModuleSDK:moduleDemo:unspecified] AndroidManifest.xml:11:5-66
	android:name
		ADDED from src\main\AndroidManifest.xml:22:22-63
uses-permission#android.permission.READ_PHONE_STATE
ADDED from src\main\AndroidManifest.xml:23:5-75
	android:name
		ADDED from src\main\AndroidManifest.xml:23:22-72
application
ADDED from src\main\AndroidManifest.xml:25:5-50:19
MERGED from [APICloudModuleSDK:moduleDemo:unspecified] AndroidManifest.xml:13:5-22:19
MERGED from [APICloudModuleSDK:moduleScrollPicture:unspecified] AndroidManifest.xml:11:5-15:19
MERGED from [com.android.support:support-v4:25.3.1] AndroidManifest.xml:29:5-20
MERGED from [com.android.support:support-fragment:25.3.1] AndroidManifest.xml:29:5-20
MERGED from [com.android.support:support-media-compat:25.3.1] AndroidManifest.xml:29:5-20
MERGED from [com.android.support:support-core-ui:25.3.1] AndroidManifest.xml:29:5-20
MERGED from [com.android.support:support-core-utils:25.3.1] AndroidManifest.xml:29:5-20
MERGED from [com.android.support:support-compat:25.3.1] AndroidManifest.xml:29:5-20
MERGED from [APICloudModuleSDK:moduleSyncInterface:unspecified] AndroidManifest.xml:11:5-15:19
MERGED from [APICloudModuleSDK:moduleRefresh:unspecified] AndroidManifest.xml:11:5-15:19
MERGED from [APICloudModuleSDK:moblinkpro:unspecified] AndroidManifest.xml:11:5-25:19
	android:label
		ADDED from src\main\AndroidManifest.xml:28:9-41
	android:supportsRtl
		ADDED from [APICloudModuleSDK:moduleDemo:unspecified] AndroidManifest.xml:16:9-35
	android:hardwareAccelerated
		ADDED from src\main\AndroidManifest.xml:30:9-43
	android:allowBackup
		ADDED from src\main\AndroidManifest.xml:26:9-36
		REJECTED from [APICloudModuleSDK:moduleDemo:unspecified] AndroidManifest.xml:14:9-35
		REJECTED from [APICloudModuleSDK:moduleScrollPicture:unspecified] AndroidManifest.xml:12:9-35
		REJECTED from [APICloudModuleSDK:moduleSyncInterface:unspecified] AndroidManifest.xml:12:9-35
		REJECTED from [APICloudModuleSDK:moduleRefresh:unspecified] AndroidManifest.xml:12:9-35
	android:icon
		ADDED from src\main\AndroidManifest.xml:27:9-41
	android:largeHeap
		ADDED from src\main\AndroidManifest.xml:29:9-33
	tools:replace
		ADDED from src\main\AndroidManifest.xml:31:9-57
	android:name
		ADDED from src\main\AndroidManifest.xml:25:18-66
meta-data#uz_version
ADDED from src\main\AndroidManifest.xml:33:9-70
	android:value
		ADDED from src\main\AndroidManifest.xml:33:46-67
	android:name
		ADDED from src\main\AndroidManifest.xml:33:20-45
activity#com.uzmap.pkg.EntranceActivity
ADDED from src\main\AndroidManifest.xml:35:9-45:20
	android:screenOrientation
		ADDED from src\main\AndroidManifest.xml:39:13-49
	android:label
		ADDED from src\main\AndroidManifest.xml:37:13-45
	android:configChanges
		ADDED from src\main\AndroidManifest.xml:40:13-122
	android:theme
		ADDED from src\main\AndroidManifest.xml:38:13-44
	android:name
		ADDED from src\main\AndroidManifest.xml:36:13-58
intent-filter#android.intent.action.MAIN+android.intent.category.LAUNCHER
ADDED from src\main\AndroidManifest.xml:41:13-44:29
action#android.intent.action.MAIN
ADDED from src\main\AndroidManifest.xml:42:17-69
	android:name
		ADDED from src\main\AndroidManifest.xml:42:25-66
category#android.intent.category.LAUNCHER
ADDED from src\main\AndroidManifest.xml:43:17-77
	android:name
		ADDED from src\main\AndroidManifest.xml:43:27-74
provider#com.uzmap.pkg.uzapp.DataProvider
ADDED from src\main\AndroidManifest.xml:46:3-49:50
	android:authorities
		ADDED from src\main\AndroidManifest.xml:47:13-56
		INJECTED from src\main\AndroidManifest.xml
	android:grantUriPermissions
		ADDED from src\main\AndroidManifest.xml:49:13-47
	android:exported
		ADDED from src\main\AndroidManifest.xml:48:13-37
	android:name
		ADDED from src\main\AndroidManifest.xml:46:13-60
activity#com.apicloud.moduleDemo.DemoActivity
ADDED from [APICloudModuleSDK:moduleDemo:unspecified] AndroidManifest.xml:17:9-21:84
	android:screenOrientation
		ADDED from [APICloudModuleSDK:moduleDemo:unspecified] AndroidManifest.xml:20:13-49
	android:configChanges
		ADDED from [APICloudModuleSDK:moduleDemo:unspecified] AndroidManifest.xml:19:13-55
	android:theme
		ADDED from [APICloudModuleSDK:moduleDemo:unspecified] AndroidManifest.xml:21:13-81
	android:name
		ADDED from [APICloudModuleSDK:moduleDemo:unspecified] AndroidManifest.xml:18:13-64
meta-data#android.support.VERSION
ADDED from [com.android.support:support-v4:25.3.1] AndroidManifest.xml:25:5-27:34
MERGED from [com.android.support:support-fragment:25.3.1] AndroidManifest.xml:25:5-27:34
MERGED from [com.android.support:support-media-compat:25.3.1] AndroidManifest.xml:25:5-27:34
MERGED from [com.android.support:support-core-ui:25.3.1] AndroidManifest.xml:25:5-27:34
MERGED from [com.android.support:support-core-utils:25.3.1] AndroidManifest.xml:25:5-27:34
MERGED from [com.android.support:support-compat:25.3.1] AndroidManifest.xml:25:5-27:34
	android:value
		ADDED from [com.android.support:support-v4:25.3.1] AndroidManifest.xml:27:9-31
	android:name
		ADDED from [com.android.support:support-v4:25.3.1] AndroidManifest.xml:26:9-47
activity#com.mob.moblink.MobLinkActivity
ADDED from [APICloudModuleSDK:moblinkpro:unspecified] AndroidManifest.xml:12:9-24:20
	android:launchMode
		ADDED from [APICloudModuleSDK:moblinkpro:unspecified] AndroidManifest.xml:14:13-44
	android:theme
		ADDED from [APICloudModuleSDK:moblinkpro:unspecified] AndroidManifest.xml:15:13-83
	android:name
		ADDED from [APICloudModuleSDK:moblinkpro:unspecified] AndroidManifest.xml:13:13-59
intent-filter#android.intent.action.VIEW+android.intent.category.BROWSABLE+android.intent.category.DEFAULT
ADDED from [APICloudModuleSDK:moblinkpro:unspecified] AndroidManifest.xml:16:13-23:29
action#android.intent.action.VIEW
ADDED from [APICloudModuleSDK:moblinkpro:unspecified] AndroidManifest.xml:17:17-69
	android:name
		ADDED from [APICloudModuleSDK:moblinkpro:unspecified] AndroidManifest.xml:17:25-66
category#android.intent.category.DEFAULT
ADDED from [APICloudModuleSDK:moblinkpro:unspecified] AndroidManifest.xml:19:17-76
	android:name
		ADDED from [APICloudModuleSDK:moblinkpro:unspecified] AndroidManifest.xml:19:27-73
category#android.intent.category.BROWSABLE
ADDED from [APICloudModuleSDK:moblinkpro:unspecified] AndroidManifest.xml:20:17-78
	android:name
		ADDED from [APICloudModuleSDK:moblinkpro:unspecified] AndroidManifest.xml:20:27-75
data
ADDED from [APICloudModuleSDK:moblinkpro:unspecified] AndroidManifest.xml:22:17-48
	android:scheme
		ADDED from [APICloudModuleSDK:moblinkpro:unspecified] AndroidManifest.xml:22:23-45